Determining if the pthread_create exist failed with the following output:
Change Dir: /home/heeseok/service.ws/build/CMakeFiles/CMakeTmp

Run Build Command:"/usr/bin/make" "cmTC_1761c/fast"
/usr/bin/make -f CMakeFiles/cmTC_1761c.dir/build.make CMakeFiles/cmTC_1761c.dir/build
make[1]: Entering directory '/home/heeseok/service.ws/build/CMakeFiles/CMakeTmp'
Building C object CMakeFiles/cmTC_1761c.dir/CheckSymbolExists.c.o
/usr/bin/cc     -o CMakeFiles/cmTC_1761c.dir/CheckSymbolExists.c.o   -c /home/heeseok/service.ws/build/CMakeFiles/CMakeTmp/CheckSymbolExists.c
Linking C executable cmTC_1761c
/usr/bin/cmake -E cmake_link_script CMakeFiles/cmTC_1761c.dir/link.txt --verbose=1
/usr/bin/cc       CMakeFiles/cmTC_1761c.dir/CheckSymbolExists.c.o  -o cmTC_1761c -rdynamic 
CMakeFiles/cmTC_1761c.dir/CheckSymbolExists.c.o: In function `main':
CheckSymbolExists.c:(.text+0x16): undefined reference to `pthread_create'
collect2: error: ld returned 1 exit status
CMakeFiles/cmTC_1761c.dir/build.make:97: recipe for target 'cmTC_1761c' failed
make[1]: *** [cmTC_1761c] Error 1
make[1]: Leaving directory '/home/heeseok/service.ws/build/CMakeFiles/CMakeTmp'
Makefile:126: recipe for target 'cmTC_1761c/fast' failed
make: *** [cmTC_1761c/fast] Error 2

File /home/heeseok/service.ws/build/CMakeFiles/CMakeTmp/CheckSymbolExists.c:
/* */
#include <pthread.h>

int main(int argc, char** argv)
{
  (void)argv;
#ifndef pthread_create
  return ((int*)(&pthread_create))[argc];
#else
  (void)argc;
  return 0;
#endif
}

Determining if the function pthread_create exists in the pthreads failed with the following output:
Change Dir: /home/heeseok/service.ws/build/CMakeFiles/CMakeTmp

Run Build Command:"/usr/bin/make" "cmTC_dff5b/fast"
/usr/bin/make -f CMakeFiles/cmTC_dff5b.dir/build.make CMakeFiles/cmTC_dff5b.dir/build
make[1]: Entering directory '/home/heeseok/service.ws/build/CMakeFiles/CMakeTmp'
Building C object CMakeFiles/cmTC_dff5b.dir/CheckFunctionExists.c.o
/usr/bin/cc    -DCHECK_FUNCTION_EXISTS=pthread_create   -o CMakeFiles/cmTC_dff5b.dir/CheckFunctionExists.c.o   -c /usr/share/cmake-3.5/Modules/CheckFunctionExists.c
Linking C executable cmTC_dff5b
/usr/bin/cmake -E cmake_link_script CMakeFiles/cmTC_dff5b.dir/link.txt --verbose=1
/usr/bin/cc   -DCHECK_FUNCTION_EXISTS=pthread_create    CMakeFiles/cmTC_dff5b.dir/CheckFunctionExists.c.o  -o cmTC_dff5b -rdynamic -lpthreads 
/usr/bin/ld: cannot find -lpthreads
collect2: error: ld returned 1 exit status
CMakeFiles/cmTC_dff5b.dir/build.make:97: recipe for target 'cmTC_dff5b' failed
make[1]: *** [cmTC_dff5b] Error 1
make[1]: Leaving directory '/home/heeseok/service.ws/build/CMakeFiles/CMakeTmp'
Makefile:126: recipe for target 'cmTC_dff5b/fast' failed
make: *** [cmTC_dff5b/fast] Error 2


